Using pre-set license
Built from '2020.3/staging' branch; Version is '2020.3.18f1 (a7d1c678663c) revision 10998214'; Using compiler version '192528614'; Build Type 'Release'
OS: 'Windows 10 Enterprise LTSC 2019; OS build 17763.2452; Version 1809; 64bit' Language: 'ru' Physical Memory: 16194 MB
BatchMode: 1, IsHumanControllingUs: 0, StartBugReporterOnCrash: 0, Is64bit: 1, IsPro: 0

COMMAND LINE ARGUMENTS:
F:\Maxym\2020.3.18f1\Editor\Unity.exe
-adb2
-batchMode
-noUpm
-name
AssetImportWorker0
-projectPath
D:/Unity Games/Ghost-Game 2/Ghost Game
-logFile
Logs/AssetImportWorker0.log
-srvPort
58827
Successfully changed project path to: D:/Unity Games/Ghost-Game 2/Ghost Game
D:/Unity Games/Ghost-Game 2/Ghost Game
Using Asset Import Pipeline V2.
Refreshing native plugins compatible for Editor in 46.49 ms, found 2 plugins.
Preloading 0 native plugins for Editor in 0.00 ms.
Initialize engine version: 2020.3.18f1 (a7d1c678663c)
[Subsystems] Discovering subsystems at path F:/Maxym/2020.3.18f1/Editor/Data/Resources/UnitySubsystems
[Subsystems] Discovering subsystems at path D:/Unity Games/Ghost-Game 2/Ghost Game/Assets
GfxDevice: creating device client; threaded=0
Direct3D:
    Version:  Direct3D 11.0 [level 11.1]
    Renderer: NVIDIA GeForce GTX 960 (ID=0x1401)
    Vendor:   
    VRAM:     2007 MB
    Driver:   30.0.15.1165
Initialize mono
Mono path[0] = 'F:/Maxym/2020.3.18f1/Editor/Data/Managed'
Mono path[1] = 'F:/Maxym/2020.3.18f1/Editor/Data/MonoBleedingEdge/lib/mono/unityjit'
Mono config path = 'F:/Maxym/2020.3.18f1/Editor/Data/MonoBleedingEdge/etc'
Using monoOptions --debugger-agent=transport=dt_socket,embedding=1,server=y,suspend=n,address=127.0.0.1:56436
Begin MonoManager ReloadAssembly
Registering precompiled unity dll's ...
Register platform support module: F:/Maxym/2020.3.18f1/Editor/Data/PlaybackEngines/WindowsStandaloneSupport/UnityEditor.WindowsStandalone.Extensions.dll
Registered in 0.000554 seconds.
Native extension for WindowsStandalone target not found
Refreshing native plugins compatible for Editor in 45.53 ms, found 2 plugins.
Preloading 0 native plugins for Editor in 0.00 ms.
Mono: successfully reloaded assembly
- Completed reload, in  2.143 seconds
Domain Reload Profiling:
	ReloadAssembly (2143ms)
		BeginReloadAssembly (29ms)
			ExecutionOrderSort (0ms)
			DisableScriptedObjects (0ms)
			BackupInstance (0ms)
			ReleaseScriptingObjects (0ms)
			CreateAndSetChildDomain (1ms)
		EndReloadAssembly (266ms)
			LoadAssemblies (28ms)
			RebuildTransferFunctionScriptingTraits (0ms)
			SetupTypeCache (85ms)
			ReleaseScriptCaches (0ms)
			RebuildScriptCaches (17ms)
			SetupLoadedEditorAssemblies (126ms)
				LogAssemblyErrors (0ms)
				InitializePlatformSupportModulesInManaged (2ms)
				SetLoadedEditorAssemblies (0ms)
				RefreshPlugins (46ms)
				BeforeProcessingInitializeOnLoad (10ms)
				ProcessInitializeOnLoadAttributes (50ms)
				ProcessInitializeOnLoadMethodAttributes (17ms)
				AfterProcessingInitializeOnLoad (0ms)
				EditorAssembliesLoaded (0ms)
			ExecutionOrderSort2 (0ms)
			AwakeInstancesAfterBackupRestoration (0ms)
Platform modules already initialized, skipping
Registering precompiled user dll's ...
Registered in 0.001688 seconds.
Begin MonoManager ReloadAssembly
Native extension for WindowsStandalone target not found
Refreshing native plugins compatible for Editor in 48.67 ms, found 2 plugins.
Preloading 0 native plugins for Editor in 0.00 ms.
Mono: successfully reloaded assembly
- Completed reload, in  1.099 seconds
Domain Reload Profiling:
	ReloadAssembly (1100ms)
		BeginReloadAssembly (80ms)
			ExecutionOrderSort (0ms)
			DisableScriptedObjects (2ms)
			BackupInstance (0ms)
			ReleaseScriptingObjects (0ms)
			CreateAndSetChildDomain (12ms)
		EndReloadAssembly (985ms)
			LoadAssemblies (55ms)
			RebuildTransferFunctionScriptingTraits (0ms)
			SetupTypeCache (199ms)
			ReleaseScriptCaches (0ms)
			RebuildScriptCaches (36ms)
			SetupLoadedEditorAssemblies (625ms)
				LogAssemblyErrors (0ms)
				InitializePlatformSupportModulesInManaged (2ms)
				SetLoadedEditorAssemblies (0ms)
				RefreshPlugins (49ms)
				BeforeProcessingInitializeOnLoad (62ms)
				ProcessInitializeOnLoadAttributes (505ms)
				ProcessInitializeOnLoadMethodAttributes (6ms)
				AfterProcessingInitializeOnLoad (1ms)
				EditorAssembliesLoaded (0ms)
			ExecutionOrderSort2 (0ms)
			AwakeInstancesAfterBackupRestoration (4ms)
Platform modules already initialized, skipping
========================================================================
Worker process is ready to serve import requests
Launched and connected shader compiler UnityShaderCompiler.exe after 0.02 seconds
Refreshing native plugins compatible for Editor in 0.47 ms, found 2 plugins.
Preloading 0 native plugins for Editor in 0.00 ms.
Unloading 3848 Unused Serialized files (Serialized files now loaded: 0)
System memory in use before: 170.1 MB.
System memory in use after: 170.3 MB.

Unloading 26 unused Assets to reduce memory usage. Loaded Objects now: 4293.
Total: 2.735800 ms (FindLiveObjects: 0.223000 ms CreateObjectMapping: 0.094100 ms MarkObjects: 2.328800 ms  DeleteObjects: 0.089200 ms)

AssetImportParameters requested are different than current active one (requested -> active):
  custom:framework-win-MediaFoundation: 216162199b28c13a410421893ffa2e32 -> 
  custom:video-decoder-ogg-theora: a1e56fd34408186e4bbccfd4996cb3dc -> 
  custom:container-muxer-webm: aa71ff27fc2769a1b78a27578f13a17b -> 
  custom:container-demuxer-webm: 4f35f7cbe854078d1ac9338744f61a02 -> 
  custom:container-demuxer-ogg: 62fdf1f143b41e24485cea50d1cbac27 -> 
  custom:video-encoder-webm-vp8: eb34c28f22e8b96e1ab97ce403110664 -> 
  custom:video-decoder-webm-vp8: 9c59270c3fd7afecdb556c50c9e8de78 -> 
  custom:audio-decoder-ogg-vorbis: bf7c407c2cedff20999df2af8eb42d56 -> 
  custom:audio-encoder-webm-vorbis: bf7c407c2cedff20999df2af8eb42d56 -> 
========================================================================
Received Import Request.
  path: Assets/Scripts/GameManager.cs
  artifactKey: Guid(52085c2183bc1814b9302872a6e95686) Importer(815301076,1909f56bfc062723c751e8b465ee728b)
Start importing Assets/Scripts/GameManager.cs using Guid(52085c2183bc1814b9302872a6e95686) Importer(815301076,1909f56bfc062723c751e8b465ee728b)  -> (artifact id: 'e5d9aeae0f51d4b9bdcca9219d4b1698') in 0.106680 seconds 
  Import took 0.110882 seconds .

========================================================================
Received Prepare
Refreshing native plugins compatible for Editor in 1.70 ms, found 2 plugins.
Preloading 0 native plugins for Editor in 0.00 ms.
Unloading 12 Unused Serialized files (Serialized files now loaded: 0)
System memory in use before: 85.8 MB.
System memory in use after: 85.9 MB.

Unloading 12 unused Assets to reduce memory usage. Loaded Objects now: 4293.
Total: 4.140000 ms (FindLiveObjects: 0.239700 ms CreateObjectMapping: 0.092700 ms MarkObjects: 3.739300 ms  DeleteObjects: 0.067300 ms)

AssetImportParameters requested are different than current active one (requested -> active):
  custom:framework-win-MediaFoundation: 216162199b28c13a410421893ffa2e32 -> 
  custom:video-decoder-ogg-theora: a1e56fd34408186e4bbccfd4996cb3dc -> 
  custom:container-muxer-webm: aa71ff27fc2769a1b78a27578f13a17b -> 
  custom:container-demuxer-webm: 4f35f7cbe854078d1ac9338744f61a02 -> 
  custom:container-demuxer-ogg: 62fdf1f143b41e24485cea50d1cbac27 -> 
  custom:video-encoder-webm-vp8: eb34c28f22e8b96e1ab97ce403110664 -> 
  custom:video-decoder-webm-vp8: 9c59270c3fd7afecdb556c50c9e8de78 -> 
  custom:audio-decoder-ogg-vorbis: bf7c407c2cedff20999df2af8eb42d56 -> 
  custom:audio-encoder-webm-vorbis: bf7c407c2cedff20999df2af8eb42d56 -> 
========================================================================
Received Import Request.
  Time since last request: 22.237890 seconds.
  path: Assets/Scripts/GameManager.cs
  artifactKey: Guid(52085c2183bc1814b9302872a6e95686) Importer(815301076,1909f56bfc062723c751e8b465ee728b)
Start importing Assets/Scripts/GameManager.cs using Guid(52085c2183bc1814b9302872a6e95686) Importer(815301076,1909f56bfc062723c751e8b465ee728b)  -> (artifact id: '9126dac6b3bcf6cc857bc03f50b5675f') in 0.001165 seconds 
  Import took 0.005795 seconds .

========================================================================
Received Prepare
Registering precompiled user dll's ...
Registered in 0.001605 seconds.
Begin MonoManager ReloadAssembly
Native extension for WindowsStandalone target not found
Refreshing native plugins compatible for Editor in 0.46 ms, found 2 plugins.
Preloading 0 native plugins for Editor in 0.00 ms.
Mono: successfully reloaded assembly
- Completed reload, in  0.783 seconds
Domain Reload Profiling:
	ReloadAssembly (783ms)
		BeginReloadAssembly (83ms)
			ExecutionOrderSort (0ms)
			DisableScriptedObjects (4ms)
			BackupInstance (0ms)
			ReleaseScriptingObjects (0ms)
			CreateAndSetChildDomain (28ms)
		EndReloadAssembly (666ms)
			LoadAssemblies (56ms)
			RebuildTransferFunctionScriptingTraits (0ms)
			SetupTypeCache (214ms)
			ReleaseScriptCaches (1ms)
			RebuildScriptCaches (30ms)
			SetupLoadedEditorAssemblies (295ms)
				LogAssemblyErrors (0ms)
				InitializePlatformSupportModulesInManaged (3ms)
				SetLoadedEditorAssemblies (0ms)
				RefreshPlugins (1ms)
				BeforeProcessingInitializeOnLoad (56ms)
				ProcessInitializeOnLoadAttributes (231ms)
				ProcessInitializeOnLoadMethodAttributes (3ms)
				AfterProcessingInitializeOnLoad (1ms)
				EditorAssembliesLoaded (0ms)
			ExecutionOrderSort2 (0ms)
			AwakeInstancesAfterBackupRestoration (6ms)
Platform modules already initialized, skipping
Refreshing native plugins compatible for Editor in 0.55 ms, found 2 plugins.
Preloading 0 native plugins for Editor in 0.00 ms.
Unloading 3696 Unused Serialized files (Serialized files now loaded: 0)
System memory in use before: 158.9 MB.
System memory in use after: 159.1 MB.

Unloading 15 unused Assets to reduce memory usage. Loaded Objects now: 4295.
Total: 2.638300 ms (FindLiveObjects: 0.194500 ms CreateObjectMapping: 0.085200 ms MarkObjects: 2.289600 ms  DeleteObjects: 0.068100 ms)

AssetImportParameters requested are different than current active one (requested -> active):
  custom:framework-win-MediaFoundation: 216162199b28c13a410421893ffa2e32 -> 
  custom:video-decoder-ogg-theora: a1e56fd34408186e4bbccfd4996cb3dc -> 
  custom:container-muxer-webm: aa71ff27fc2769a1b78a27578f13a17b -> 
  custom:container-demuxer-webm: 4f35f7cbe854078d1ac9338744f61a02 -> 
  custom:container-demuxer-ogg: 62fdf1f143b41e24485cea50d1cbac27 -> 
  custom:video-encoder-webm-vp8: eb34c28f22e8b96e1ab97ce403110664 -> 
  custom:video-decoder-webm-vp8: 9c59270c3fd7afecdb556c50c9e8de78 -> 
  custom:audio-decoder-ogg-vorbis: bf7c407c2cedff20999df2af8eb42d56 -> 
  custom:audio-encoder-webm-vorbis: bf7c407c2cedff20999df2af8eb42d56 -> 
========================================================================
Received Prepare
Registering precompiled user dll's ...
Registered in 0.002003 seconds.
Begin MonoManager ReloadAssembly
Native extension for WindowsStandalone target not found
Refreshing native plugins compatible for Editor in 0.49 ms, found 2 plugins.
Preloading 0 native plugins for Editor in 0.00 ms.
Mono: successfully reloaded assembly
- Completed reload, in  0.745 seconds
Domain Reload Profiling:
	ReloadAssembly (745ms)
		BeginReloadAssembly (79ms)
			ExecutionOrderSort (0ms)
			DisableScriptedObjects (6ms)
			BackupInstance (0ms)
			ReleaseScriptingObjects (0ms)
			CreateAndSetChildDomain (26ms)
		EndReloadAssembly (633ms)
			LoadAssemblies (54ms)
			RebuildTransferFunctionScriptingTraits (0ms)
			SetupTypeCache (190ms)
			ReleaseScriptCaches (1ms)
			RebuildScriptCaches (28ms)
			SetupLoadedEditorAssemblies (292ms)
				LogAssemblyErrors (0ms)
				InitializePlatformSupportModulesInManaged (3ms)
				SetLoadedEditorAssemblies (0ms)
				RefreshPlugins (1ms)
				BeforeProcessingInitializeOnLoad (55ms)
				ProcessInitializeOnLoadAttributes (229ms)
				ProcessInitializeOnLoadMethodAttributes (3ms)
				AfterProcessingInitializeOnLoad (1ms)
				EditorAssembliesLoaded (0ms)
			ExecutionOrderSort2 (0ms)
			AwakeInstancesAfterBackupRestoration (6ms)
Platform modules already initialized, skipping
Refreshing native plugins compatible for Editor in 0.48 ms, found 2 plugins.
Preloading 0 native plugins for Editor in 0.00 ms.
Unloading 3696 Unused Serialized files (Serialized files now loaded: 0)
System memory in use before: 159.0 MB.
System memory in use after: 159.2 MB.

Unloading 15 unused Assets to reduce memory usage. Loaded Objects now: 4297.
Total: 2.618300 ms (FindLiveObjects: 0.182500 ms CreateObjectMapping: 0.085400 ms MarkObjects: 2.286000 ms  DeleteObjects: 0.063700 ms)

AssetImportParameters requested are different than current active one (requested -> active):
  custom:framework-win-MediaFoundation: 216162199b28c13a410421893ffa2e32 -> 
  custom:video-decoder-ogg-theora: a1e56fd34408186e4bbccfd4996cb3dc -> 
  custom:container-muxer-webm: aa71ff27fc2769a1b78a27578f13a17b -> 
  custom:container-demuxer-webm: 4f35f7cbe854078d1ac9338744f61a02 -> 
  custom:container-demuxer-ogg: 62fdf1f143b41e24485cea50d1cbac27 -> 
  custom:video-encoder-webm-vp8: eb34c28f22e8b96e1ab97ce403110664 -> 
  custom:video-decoder-webm-vp8: 9c59270c3fd7afecdb556c50c9e8de78 -> 
  custom:audio-decoder-ogg-vorbis: bf7c407c2cedff20999df2af8eb42d56 -> 
  custom:audio-encoder-webm-vorbis: bf7c407c2cedff20999df2af8eb42d56 -> 
========================================================================
Received Prepare
Registering precompiled user dll's ...
Registered in 0.001673 seconds.
Begin MonoManager ReloadAssembly
Native extension for WindowsStandalone target not found
Refreshing native plugins compatible for Editor in 0.47 ms, found 2 plugins.
Preloading 0 native plugins for Editor in 0.00 ms.
Mono: successfully reloaded assembly
- Completed reload, in  0.792 seconds
Domain Reload Profiling:
	ReloadAssembly (792ms)
		BeginReloadAssembly (81ms)
			ExecutionOrderSort (0ms)
			DisableScriptedObjects (4ms)
			BackupInstance (0ms)
			ReleaseScriptingObjects (0ms)
			CreateAndSetChildDomain (26ms)
		EndReloadAssembly (675ms)
			LoadAssemblies (61ms)
			RebuildTransferFunctionScriptingTraits (0ms)
			SetupTypeCache (206ms)
			ReleaseScriptCaches (1ms)
			RebuildScriptCaches (29ms)
			SetupLoadedEditorAssemblies (309ms)
				LogAssemblyErrors (0ms)
				InitializePlatformSupportModulesInManaged (3ms)
				SetLoadedEditorAssemblies (0ms)
				RefreshPlugins (1ms)
				BeforeProcessingInitializeOnLoad (55ms)
				ProcessInitializeOnLoadAttributes (243ms)
				ProcessInitializeOnLoadMethodAttributes (6ms)
				AfterProcessingInitializeOnLoad (1ms)
				EditorAssembliesLoaded (0ms)
			ExecutionOrderSort2 (0ms)
			AwakeInstancesAfterBackupRestoration (8ms)
Platform modules already initialized, skipping
Refreshing native plugins compatible for Editor in 0.49 ms, found 2 plugins.
Preloading 0 native plugins for Editor in 0.00 ms.
Unloading 3696 Unused Serialized files (Serialized files now loaded: 0)
System memory in use before: 159.0 MB.
System memory in use after: 159.2 MB.

Unloading 15 unused Assets to reduce memory usage. Loaded Objects now: 4299.
Total: 2.688000 ms (FindLiveObjects: 0.192000 ms CreateObjectMapping: 0.083400 ms MarkObjects: 2.339100 ms  DeleteObjects: 0.072600 ms)

AssetImportParameters requested are different than current active one (requested -> active):
  custom:framework-win-MediaFoundation: 216162199b28c13a410421893ffa2e32 -> 
  custom:video-decoder-ogg-theora: a1e56fd34408186e4bbccfd4996cb3dc -> 
  custom:container-muxer-webm: aa71ff27fc2769a1b78a27578f13a17b -> 
  custom:container-demuxer-webm: 4f35f7cbe854078d1ac9338744f61a02 -> 
  custom:container-demuxer-ogg: 62fdf1f143b41e24485cea50d1cbac27 -> 
  custom:video-encoder-webm-vp8: eb34c28f22e8b96e1ab97ce403110664 -> 
  custom:video-decoder-webm-vp8: 9c59270c3fd7afecdb556c50c9e8de78 -> 
  custom:audio-decoder-ogg-vorbis: bf7c407c2cedff20999df2af8eb42d56 -> 
  custom:audio-encoder-webm-vorbis: bf7c407c2cedff20999df2af8eb42d56 -> 
========================================================================
Received Prepare
Registering precompiled user dll's ...
Registered in 0.002423 seconds.
Begin MonoManager ReloadAssembly
Native extension for WindowsStandalone target not found
Refreshing native plugins compatible for Editor in 0.48 ms, found 2 plugins.
Preloading 0 native plugins for Editor in 0.00 ms.
Mono: successfully reloaded assembly
- Completed reload, in  0.748 seconds
Domain Reload Profiling:
	ReloadAssembly (748ms)
		BeginReloadAssembly (77ms)
			ExecutionOrderSort (0ms)
			DisableScriptedObjects (3ms)
			BackupInstance (0ms)
			ReleaseScriptingObjects (0ms)
			CreateAndSetChildDomain (26ms)
		EndReloadAssembly (637ms)
			LoadAssemblies (56ms)
			RebuildTransferFunctionScriptingTraits (0ms)
			SetupTypeCache (188ms)
			ReleaseScriptCaches (1ms)
			RebuildScriptCaches (30ms)
			SetupLoadedEditorAssemblies (294ms)
				LogAssemblyErrors (0ms)
				InitializePlatformSupportModulesInManaged (3ms)
				SetLoadedEditorAssemblies (0ms)
				RefreshPlugins (1ms)
				BeforeProcessingInitializeOnLoad (57ms)
				ProcessInitializeOnLoadAttributes (229ms)
				ProcessInitializeOnLoadMethodAttributes (4ms)
				AfterProcessingInitializeOnLoad (1ms)
				EditorAssembliesLoaded (0ms)
			ExecutionOrderSort2 (0ms)
			AwakeInstancesAfterBackupRestoration (6ms)
Platform modules already initialized, skipping
Refreshing native plugins compatible for Editor in 0.49 ms, found 2 plugins.
Preloading 0 native plugins for Editor in 0.00 ms.
Unloading 3696 Unused Serialized files (Serialized files now loaded: 0)
System memory in use before: 159.0 MB.
System memory in use after: 159.2 MB.

Unloading 15 unused Assets to reduce memory usage. Loaded Objects now: 4301.
Total: 2.830800 ms (FindLiveObjects: 0.173800 ms CreateObjectMapping: 0.085200 ms MarkObjects: 2.491700 ms  DeleteObjects: 0.079200 ms)

AssetImportParameters requested are different than current active one (requested -> active):
  custom:framework-win-MediaFoundation: 216162199b28c13a410421893ffa2e32 -> 
  custom:video-decoder-ogg-theora: a1e56fd34408186e4bbccfd4996cb3dc -> 
  custom:container-muxer-webm: aa71ff27fc2769a1b78a27578f13a17b -> 
  custom:container-demuxer-webm: 4f35f7cbe854078d1ac9338744f61a02 -> 
  custom:container-demuxer-ogg: 62fdf1f143b41e24485cea50d1cbac27 -> 
  custom:video-encoder-webm-vp8: eb34c28f22e8b96e1ab97ce403110664 -> 
  custom:video-decoder-webm-vp8: 9c59270c3fd7afecdb556c50c9e8de78 -> 
  custom:audio-decoder-ogg-vorbis: bf7c407c2cedff20999df2af8eb42d56 -> 
  custom:audio-encoder-webm-vorbis: bf7c407c2cedff20999df2af8eb42d56 -> 
========================================================================
Received Import Request.
  Time since last request: 560.934958 seconds.
  path: Assets/Prefabs
  artifactKey: Guid(acda4a61cf1a75e44b287161eaf0d77d) Importer(815301076,1909f56bfc062723c751e8b465ee728b)
Start importing Assets/Prefabs using Guid(acda4a61cf1a75e44b287161eaf0d77d) Importer(815301076,1909f56bfc062723c751e8b465ee728b)  -> (artifact id: 'b784beeb2708ed484274d4fa88d0f773') in 0.013879 seconds 
  Import took 0.020048 seconds .

========================================================================
Received Import Request.
  Time since last request: 0.033968 seconds.
  path: Assets/Prefabs/Activator.prefab
  artifactKey: Guid(c4d513037d435ed469ca85b58ad32d64) Importer(815301076,1909f56bfc062723c751e8b465ee728b)
Start importing Assets/Prefabs/Activator.prefab using Guid(c4d513037d435ed469ca85b58ad32d64) Importer(815301076,1909f56bfc062723c751e8b465ee728b)  -> (artifact id: 'c61094d1342e7426817a866f3925845a') in 0.342553 seconds 
  Import took 0.347894 seconds .

========================================================================
Received Import Request.
  Time since last request: 0.000158 seconds.
  path: Assets/Prefabs/Main.prefab
  artifactKey: Guid(a07841312edf6934c98f456ac717208b) Importer(815301076,1909f56bfc062723c751e8b465ee728b)
Start importing Assets/Prefabs/Main.prefab using Guid(a07841312edf6934c98f456ac717208b) Importer(815301076,1909f56bfc062723c751e8b465ee728b)  -> (artifact id: '69bbd3de40701efb0f7f2fc64f460b7c') in 0.057947 seconds 
  Import took 0.072851 seconds .

========================================================================
Received Import Request.
  Time since last request: 0.000163 seconds.
  path: Assets/Prefabs/Explosion.prefab
  artifactKey: Guid(0ebce5673cb75ee4aae8620174473db9) Importer(815301076,1909f56bfc062723c751e8b465ee728b)
Start importing Assets/Prefabs/Explosion.prefab using Guid(0ebce5673cb75ee4aae8620174473db9) Importer(815301076,1909f56bfc062723c751e8b465ee728b)  -> (artifact id: 'be07919d6c556c93f2ba035f3d25f8f2') in 0.016007 seconds 
  Import took 0.023013 seconds .

========================================================================
Received Import Request.
  Time since last request: 0.000156 seconds.
  path: Assets/Prefabs/Key.prefab
  artifactKey: Guid(e96e867e41e38574d9226c97cf29fa2f) Importer(815301076,1909f56bfc062723c751e8b465ee728b)
Start importing Assets/Prefabs/Key.prefab using Guid(e96e867e41e38574d9226c97cf29fa2f) Importer(815301076,1909f56bfc062723c751e8b465ee728b)  -> (artifact id: 'e75ba32b1b67e241e5db6e59a0d97ed3') in 0.008277 seconds 
  Import took 0.014111 seconds .

========================================================================
Received Import Request.
  Time since last request: 0.000180 seconds.
  path: Assets/Prefabs/Lamp_02 (2).prefab
  artifactKey: Guid(4e3f165f19a64c441aa0e704090da02a) Importer(815301076,1909f56bfc062723c751e8b465ee728b)
Start importing Assets/Prefabs/Lamp_02 (2).prefab using Guid(4e3f165f19a64c441aa0e704090da02a) Importer(815301076,1909f56bfc062723c751e8b465ee728b)  -> (artifact id: '5aa9ae2d2506b63d680fb855f9bb5a19') in 0.008632 seconds 
  Import took 0.013542 seconds .

========================================================================
Received Import Request.
  Time since last request: 0.000153 seconds.
  path: Assets/Prefabs/Door with walls.prefab
  artifactKey: Guid(6aceac170ff76fb4eb5f19f90e927e2e) Importer(815301076,1909f56bfc062723c751e8b465ee728b)
Start importing Assets/Prefabs/Door with walls.prefab using Guid(6aceac170ff76fb4eb5f19f90e927e2e) Importer(815301076,1909f56bfc062723c751e8b465ee728b)  -> (artifact id: 'f2bdc1227ea4e4e050cd28f32c149e38') in 0.012088 seconds 
  Import took 0.016909 seconds .

========================================================================
Received Import Request.
  Time since last request: 0.000149 seconds.
  path: Assets/Prefabs/Door.prefab
  artifactKey: Guid(5785187301961b64a92b727a381308b0) Importer(815301076,1909f56bfc062723c751e8b465ee728b)
Start importing Assets/Prefabs/Door.prefab using Guid(5785187301961b64a92b727a381308b0) Importer(815301076,1909f56bfc062723c751e8b465ee728b)  -> (artifact id: '0783547c643340f2443f12cfed927196') in 0.010027 seconds 
  Import took 0.014900 seconds .

========================================================================
Received Import Request.
  Time since last request: 0.000143 seconds.
  path: Assets/Prefabs/Camera.prefab
  artifactKey: Guid(5073a072255f30d409e3175d562dd2e9) Importer(815301076,1909f56bfc062723c751e8b465ee728b)
Start importing Assets/Prefabs/Camera.prefab using Guid(5073a072255f30d409e3175d562dd2e9) Importer(815301076,1909f56bfc062723c751e8b465ee728b)  -> (artifact id: 'b8340360f4c10b8ac0178cb899d02033') in 0.003594 seconds 
  Import took 0.009090 seconds .

========================================================================
Received Import Request.
  Time since last request: 2.111640 seconds.
  path: Assets/mystic sound effect
  artifactKey: Guid(3970a609d16036b4dbd3b92be950dd8b) Importer(815301076,1909f56bfc062723c751e8b465ee728b)
Start importing Assets/mystic sound effect using Guid(3970a609d16036b4dbd3b92be950dd8b) Importer(815301076,1909f56bfc062723c751e8b465ee728b)  -> (artifact id: '07dedae0953c06a7484211a3af3c2f68') in 0.001196 seconds 
  Import took 0.006052 seconds .

========================================================================
Received Import Request.
  Time since last request: 0.067067 seconds.
  path: Assets/mystic sound effect/mystic sound effect.mp3
  artifactKey: Guid(0d1164b335d50fa4789e80f35fa171f0) Importer(815301076,1909f56bfc062723c751e8b465ee728b)
Start importing Assets/mystic sound effect/mystic sound effect.mp3 using Guid(0d1164b335d50fa4789e80f35fa171f0) Importer(815301076,1909f56bfc062723c751e8b465ee728b)  -> (artifact id: '9d1b8812b30e29f679b0e01275d1c0d7') in 0.096131 seconds 
  Import took 0.100840 seconds .

========================================================================
Received Import Request.
  Time since last request: 0.000157 seconds.
  path: Assets/mystic sound effect/mystic sound effect.wav
  artifactKey: Guid(798d06ef26a60054cb5f5d9e91fb4342) Importer(815301076,1909f56bfc062723c751e8b465ee728b)
Start importing Assets/mystic sound effect/mystic sound effect.wav using Guid(798d06ef26a60054cb5f5d9e91fb4342) Importer(815301076,1909f56bfc062723c751e8b465ee728b)  -> (artifact id: '9a47e2d86b757b145b227404e4fff24c') in 0.010377 seconds 
  Import took 0.015632 seconds .

========================================================================
Received Import Request.
  Time since last request: 30.537403 seconds.
  path: Assets/Audio
  artifactKey: Guid(70999f5eec760194483f6197462eaa6e) Importer(815301076,1909f56bfc062723c751e8b465ee728b)
Start importing Assets/Audio using Guid(70999f5eec760194483f6197462eaa6e) Importer(815301076,1909f56bfc062723c751e8b465ee728b)  -> (artifact id: '7d60054c2f76a15ac2ae00c857d78bbd') in 0.001334 seconds 
  Import took 0.006533 seconds .

========================================================================
Received Import Request.
  Time since last request: 1.187748 seconds.
  path: Assets/Materials
  artifactKey: Guid(ca7394edad84d6e41b9dad504ff5ec8e) Importer(815301076,1909f56bfc062723c751e8b465ee728b)
Start importing Assets/Materials using Guid(ca7394edad84d6e41b9dad504ff5ec8e) Importer(815301076,1909f56bfc062723c751e8b465ee728b)  -> (artifact id: 'a494e3e93cca2e1265e4b01fec60a765') in 0.001295 seconds 
  Import took 0.006529 seconds .

========================================================================
Received Import Request.
  Time since last request: 0.268496 seconds.
  path: Assets/Ghost
  artifactKey: Guid(daf9e50b588982046b90befcc9423c1e) Importer(815301076,1909f56bfc062723c751e8b465ee728b)
Start importing Assets/Ghost using Guid(daf9e50b588982046b90befcc9423c1e) Importer(815301076,1909f56bfc062723c751e8b465ee728b)  -> (artifact id: 'd9aefd5e4d6428b34c3a70cb50fc73ca') in 0.001583 seconds 
  Import took 0.006737 seconds .

========================================================================
Received Import Request.
  Time since last request: 0.618966 seconds.
  path: Assets/ProBuilder Data
  artifactKey: Guid(eedcef33d4640da4fadf285e5caf25dc) Importer(815301076,1909f56bfc062723c751e8b465ee728b)
Start importing Assets/ProBuilder Data using Guid(eedcef33d4640da4fadf285e5caf25dc) Importer(815301076,1909f56bfc062723c751e8b465ee728b)  -> (artifact id: '571c299ec3d4fabd5e110a872fe8a09e') in 0.001452 seconds 
  Import took 0.013644 seconds .

========================================================================
Received Import Request.
  Time since last request: 0.306499 seconds.
  path: Assets/Roboto
  artifactKey: Guid(f857e814debbb79479f6e8834a17c33a) Importer(815301076,1909f56bfc062723c751e8b465ee728b)
Start importing Assets/Roboto using Guid(f857e814debbb79479f6e8834a17c33a) Importer(815301076,1909f56bfc062723c751e8b465ee728b)  -> (artifact id: '23a5275d263aa4ad7805b69c614fdc08') in 0.001377 seconds 
  Import took 0.007696 seconds .

========================================================================
Received Import Request.
  Time since last request: 4.360875 seconds.
  path: Assets/Prefabs/UI
  artifactKey: Guid(25f8fe2dc4afe744997ece2ab995901a) Importer(815301076,1909f56bfc062723c751e8b465ee728b)
Start importing Assets/Prefabs/UI using Guid(25f8fe2dc4afe744997ece2ab995901a) Importer(815301076,1909f56bfc062723c751e8b465ee728b)  -> (artifact id: '46f1c6d4b1e72295a6eb6ebfa1909217') in 0.001305 seconds 
  Import took 0.013145 seconds .

========================================================================
Received Import Request.
  Time since last request: 0.052750 seconds.
  path: Assets/Prefabs/UI/CanvasSettings.prefab
  artifactKey: Guid(343c4046947d9ff449fd8b3a0396e153) Importer(815301076,1909f56bfc062723c751e8b465ee728b)
Start importing Assets/Prefabs/UI/CanvasSettings.prefab using Guid(343c4046947d9ff449fd8b3a0396e153) Importer(815301076,1909f56bfc062723c751e8b465ee728b)  -> (artifact id: '0977143982014a40575fadb4e1c69726') in 0.012531 seconds 
  Import took 0.017701 seconds .

========================================================================
Received Import Request.
  Time since last request: 5.012056 seconds.
  path: Assets/Prefabs/UI/CanvasWin.prefab
  artifactKey: Guid(acd477c45ec2e234f94329e0e9d95785) Importer(815301076,1909f56bfc062723c751e8b465ee728b)
Start importing Assets/Prefabs/UI/CanvasWin.prefab using Guid(acd477c45ec2e234f94329e0e9d95785) Importer(815301076,1909f56bfc062723c751e8b465ee728b)  -> (artifact id: '893f42fde8f1a47a9a14a01db1ce4903') in 0.004376 seconds 
  Import took 0.009650 seconds .

========================================================================
Received Import Request.
  Time since last request: 0.003707 seconds.
  path: Assets/Prefabs/UI/CanvasWin.prefab
  artifactKey: Guid(acd477c45ec2e234f94329e0e9d95785) Importer(815301076,1909f56bfc062723c751e8b465ee728b)
Start importing Assets/Prefabs/UI/CanvasWin.prefab using Guid(acd477c45ec2e234f94329e0e9d95785) Importer(815301076,1909f56bfc062723c751e8b465ee728b)  -> (artifact id: '893f42fde8f1a47a9a14a01db1ce4903') in 0.003705 seconds 
  Import took 0.008065 seconds .

========================================================================
Received Import Request.
  Time since last request: 1.468744 seconds.
  path: Assets/Prefabs/UI/CanvasLose.prefab
  artifactKey: Guid(641bb20a6efa06f40b942ab45e2eba66) Importer(815301076,1909f56bfc062723c751e8b465ee728b)
Start importing Assets/Prefabs/UI/CanvasLose.prefab using Guid(641bb20a6efa06f40b942ab45e2eba66) Importer(815301076,1909f56bfc062723c751e8b465ee728b)  -> (artifact id: '67ea06bff459adf0b28cb67ab0cdfdac') in 0.004535 seconds 
  Import took 0.009506 seconds .

========================================================================
Received Import Request.
  Time since last request: 28.645202 seconds.
  path: Assets/Prefabs/UI/CanvasInvisibility.prefab
  artifactKey: Guid(bc8ca750df212734db04329af3ad57fc) Importer(815301076,1909f56bfc062723c751e8b465ee728b)
Start importing Assets/Prefabs/UI/CanvasInvisibility.prefab using Guid(bc8ca750df212734db04329af3ad57fc) Importer(815301076,1909f56bfc062723c751e8b465ee728b)  -> (artifact id: '0baeca4e32e5c523a7feac66c6f482bd') in 0.005456 seconds 
  Import took 0.011254 seconds .

========================================================================
Received Import Request.
  Time since last request: 0.011109 seconds.
  path: Assets/Prefabs/UI/CanvasInvisibility.prefab
  artifactKey: Guid(bc8ca750df212734db04329af3ad57fc) Importer(815301076,1909f56bfc062723c751e8b465ee728b)
Start importing Assets/Prefabs/UI/CanvasInvisibility.prefab using Guid(bc8ca750df212734db04329af3ad57fc) Importer(815301076,1909f56bfc062723c751e8b465ee728b)  -> (artifact id: '0baeca4e32e5c523a7feac66c6f482bd') in 0.005091 seconds 
  Import took 0.009576 seconds .

========================================================================
Received Import Request.
  Time since last request: 19.179500 seconds.
  path: Assets/Prefabs/UI/CanvasPause.prefab
  artifactKey: Guid(0ebd9a03bb6bc014683bd8166e20964b) Importer(815301076,1909f56bfc062723c751e8b465ee728b)
Start importing Assets/Prefabs/UI/CanvasPause.prefab using Guid(0ebd9a03bb6bc014683bd8166e20964b) Importer(815301076,1909f56bfc062723c751e8b465ee728b)  -> (artifact id: 'b0aa90076021c3247a535cd3bff7048f') in 0.004131 seconds 
  Import took 0.008913 seconds .

========================================================================
Received Import Request.
  Time since last request: 0.000340 seconds.
  path: Assets/Prefabs/UI/CanvasPause.prefab
  artifactKey: Guid(0ebd9a03bb6bc014683bd8166e20964b) Importer(815301076,1909f56bfc062723c751e8b465ee728b)
Start importing Assets/Prefabs/UI/CanvasPause.prefab using Guid(0ebd9a03bb6bc014683bd8166e20964b) Importer(815301076,1909f56bfc062723c751e8b465ee728b)  -> (artifact id: 'b0aa90076021c3247a535cd3bff7048f') in 0.003908 seconds 
  Import took 0.008228 seconds .

========================================================================
Received Import Request.
  Time since last request: 2.509248 seconds.
  path: Assets/Prefabs/UI/CanvasTeachText.prefab
  artifactKey: Guid(a383577e748bacd46a4e3f5ebb589a0c) Importer(815301076,1909f56bfc062723c751e8b465ee728b)
Start importing Assets/Prefabs/UI/CanvasTeachText.prefab using Guid(a383577e748bacd46a4e3f5ebb589a0c) Importer(815301076,1909f56bfc062723c751e8b465ee728b)  -> (artifact id: 'fceeba8d367c1ea69f717785e8a91ea4') in 0.005287 seconds 
  Import took 0.011429 seconds .

